<?xml version="1.0" encoding="UTF-8"?>
<testsuite xmlns:xsi="http://www.w3.org/2001/XMLSchema-instance" xsi:noNamespaceSchemaLocation="https://maven.apache.org/surefire/maven-surefire-plugin/xsd/surefire-test-report-3.0.xsd" version="3.0" name="springSecurityLogin.com.example.springsecuritylogin.SpringsecurityloginApplicationTests" time="3.857" tests="1" errors="0" skipped="0" failures="0">
  <properties>
[...]
</properties>
  <testcase name="contextLoads" classname="springSecurityLogin.com.example.springsecuritylogin.SpringsecurityloginApplicationTests" time="0.925">
    <system-out><![CDATA[18:14:54.102 [main] INFO org.springframework.test.context.support.AnnotationConfigContextLoaderUtils -- Could not detect default configuration classes for test class [springSecurityLogin.com.example.springsecuritylogin.SpringsecurityloginApplicationTests]: SpringsecurityloginApplicationTests does not declare any static, non-private, non-final, nested classes annotated with @Configuration.
18:14:54.249 [main] INFO org.springframework.boot.test.context.SpringBootTestContextBootstrapper -- Found @SpringBootConfiguration springSecurityLogin.com.example.springsecuritylogin.SpringsecurityloginApplication for test class springSecurityLogin.com.example.springsecuritylogin.SpringsecurityloginApplicationTests

  .   ____          _            __ _ _
 /\\ / ___'_ __ _ _(_)_ __  __ _ \ \ \ \
( ( )\___ | '_ | '_| | '_ \/ _` | \ \ \ \
 \\/  ___)| |_)| | | | | || (_| |  ) ) ) )
  '  |____| .__|_| |_|_| |_\__, | / / / /
 =========|_|==============|___/=/_/_/_/
 :: Spring Boot ::                (v3.1.2)

2023-08-08T18:14:54.662+05:30  INFO 65679 --- [           main] .e.s.SpringsecurityloginApplicationTests : Starting SpringsecurityloginApplicationTests using Java 17.0.7 with PID 65679 (started by raedabdulmajeed in /Users/raedabdulmajeed/Desktop/JAVA-projects/springboot-login-spring-security)
2023-08-08T18:14:54.664+05:30  INFO 65679 --- [           main] .e.s.SpringsecurityloginApplicationTests : No active profile set, falling back to 1 default profile: "default"
2023-08-08T18:14:56.577+05:30  WARN 65679 --- [           main] .s.s.UserDetailsServiceAutoConfiguration : 

Using generated security password: 0eca9362-8e81-4e1f-ba94-ff182a9941ac

This generated password is for development use only. Your security configuration must be updated before running your application in production.

2023-08-08T18:14:56.719+05:30  INFO 65679 --- [           main] o.s.s.web.DefaultSecurityFilterChain     : Will secure any request with [org.springframework.security.web.session.DisableEncodeUrlFilter@4e224df5, org.springframework.security.web.context.request.async.WebAsyncManagerIntegrationFilter@32456db0, org.springframework.security.web.context.SecurityContextHolderFilter@75023c53, org.springframework.security.web.header.HeaderWriterFilter@37348491, org.springframework.security.web.csrf.CsrfFilter@35b17c06, org.springframework.security.web.authentication.logout.LogoutFilter@456bcb74, org.springframework.security.web.authentication.UsernamePasswordAuthenticationFilter@2fb25f4c, org.springframework.security.web.authentication.ui.DefaultLoginPageGeneratingFilter@5ba03c82, org.springframework.security.web.authentication.ui.DefaultLogoutPageGeneratingFilter@5f5827d0, org.springframework.security.web.authentication.www.BasicAuthenticationFilter@294aba23, org.springframework.security.web.savedrequest.RequestCacheAwareFilter@dab1f89, org.springframework.security.web.servletapi.SecurityContextHolderAwareRequestFilter@640cc04b, org.springframework.security.web.authentication.AnonymousAuthenticationFilter@58a2d9f9, org.springframework.security.web.access.ExceptionTranslationFilter@4d157493, org.springframework.security.web.access.intercept.AuthorizationFilter@2e7bf7b7]
2023-08-08T18:14:56.782+05:30  INFO 65679 --- [           main] .e.s.SpringsecurityloginApplicationTests : Started SpringsecurityloginApplicationTests in 2.395 seconds (process running for 3.593)
]]></system-out>
  </testcase>
</testsuite>